<?xml version="1.0" encoding="UTF-8"?>
<testng-results ignored="0" total="1" passed="1" failed="0" skipped="0">
  <reporter-output>
  </reporter-output>
  <suite started-at="2019-02-27T16:05:56Z" name="Default suite" finished-at="2019-02-27T16:06:17Z" duration-ms="20645">
    <groups>
    </groups>
    <test started-at="2019-02-27T16:05:56Z" name="Default test" finished-at="2019-02-27T16:06:17Z" duration-ms="20645">
      <class name="com.wbl.Crossbrowser.CrossbrowserTesting.CrossbrowserWalmartTest">
        <test-method is-config="true" signature="setup()[pri:0, instance:com.wbl.Crossbrowser.CrossbrowserTesting.CrossbrowserWalmartTest@2df3b89c]" started-at="2019-02-27T16:05:56Z" name="setup" finished-at="2019-02-27T16:05:56Z" duration-ms="10" status="PASS">
          <reporter-output>
          </reporter-output>
        </test-method> <!-- setup -->
        <test-method signature="validatePage()[pri:0, instance:com.wbl.Crossbrowser.CrossbrowserTesting.CrossbrowserWalmartTest@2df3b89c]" started-at="2019-02-27T16:05:56Z" name="validatePage" finished-at="2019-02-27T16:06:17Z" duration-ms="20617" status="PASS">
          <reporter-output>
          </reporter-output>
        </test-method> <!-- validatePage -->
      </class> <!-- com.wbl.Crossbrowser.CrossbrowserTesting.CrossbrowserWalmartTest -->
    </test> <!-- Default test -->
  </suite> <!-- Default suite -->
</testng-results>
