<?xml version="1.0" encoding="UTF-8"?>
<!-- Generated by org.testng.reporters.JUnitXMLReporter -->
<testsuite ignored="4" hostname="LAPTOP-G2OC2H1F" failures="0" tests="1" name="Default test" time="1.971" errors="0" timestamp="13 Feb 2019 16:14:03 GMT">
  <testcase classname="com.wbl.restassured.RestAssuredPractice.RestAssuredExampleGet" name="extractValue" time="1.947"/>
  <testcase classname="com.wbl.restassured.RestAssuredPractice.RestAssuredExampleGet" name="statusCodeValidation" time="0.0">
    <ignored/>
  </testcase> <!-- statusCodeValidation -->
  <testcase classname="com.wbl.restassured.RestAssuredPractice.RestAssuredExampleGet" name="headerCheckContent" time="0.0">
    <ignored/>
  </testcase> <!-- headerCheckContent -->
  <testcase classname="com.wbl.restassured.RestAssuredPractice.RestAssuredExampleGet" name="headerCheck" time="0.0">
    <ignored/>
  </testcase> <!-- headerCheck -->
  <testcase classname="com.wbl.restassured.RestAssuredPractice.RestAssuredExampleGet" name="testidCheck" time="0.0">
    <ignored/>
  </testcase> <!-- testidCheck -->
</testsuite> <!-- Default test -->
