<?xml version="1.0" encoding="UTF-8"?>
<testng-results ignored="4" total="5" passed="1" failed="0" skipped="0">
  <reporter-output>
  </reporter-output>
  <suite started-at="2019-02-13T16:14:01Z" name="Default suite" finished-at="2019-02-13T16:14:03Z" duration-ms="1971">
    <groups>
    </groups>
    <test started-at="2019-02-13T16:14:01Z" name="Default test" finished-at="2019-02-13T16:14:03Z" duration-ms="1971">
      <class name="com.wbl.restassured.RestAssuredPractice.RestAssuredExampleGet">
        <test-method signature="extractValue()[pri:0, instance:com.wbl.restassured.RestAssuredPractice.RestAssuredExampleGet@3d34d211]" started-at="2019-02-13T16:14:01Z" name="extractValue" finished-at="2019-02-13T16:14:03Z" duration-ms="1947" status="PASS">
          <reporter-output>
          </reporter-output>
        </test-method> <!-- extractValue -->
      </class> <!-- com.wbl.restassured.RestAssuredPractice.RestAssuredExampleGet -->
    </test> <!-- Default test -->
  </suite> <!-- Default suite -->
</testng-results>
