<?xml version="1.0" encoding="UTF-8"?>
<testng-results ignored="0" total="1" passed="1" failed="0" skipped="0">
  <reporter-output>
  </reporter-output>
  <suite started-at="2019-02-27T16:30:49Z" name="com.wbl.Crossbrowser.CrossbrowserTesting.CrossbrowserWalmartTest" finished-at="2019-02-27T16:31:12Z" duration-ms="22182">
    <groups>
    </groups>
    <test started-at="2019-02-27T16:30:49Z" name="Command line test" finished-at="2019-02-27T16:31:12Z" duration-ms="22182">
      <class name="com.wbl.Crossbrowser.CrossbrowserTesting.CrossbrowserWalmartTest">
        <test-method is-config="true" signature="setup()[pri:0, instance:com.wbl.Crossbrowser.CrossbrowserTesting.CrossbrowserWalmartTest@4313f5bc]" started-at="2019-02-27T16:30:49Z" name="setup" finished-at="2019-02-27T16:30:49Z" duration-ms="11" status="PASS">
          <reporter-output>
          </reporter-output>
        </test-method> <!-- setup -->
        <test-method signature="validatePage()[pri:0, instance:com.wbl.Crossbrowser.CrossbrowserTesting.CrossbrowserWalmartTest@4313f5bc]" started-at="2019-02-27T16:30:49Z" name="validatePage" finished-at="2019-02-27T16:31:12Z" duration-ms="22154" status="PASS">
          <reporter-output>
          </reporter-output>
        </test-method> <!-- validatePage -->
      </class> <!-- com.wbl.Crossbrowser.CrossbrowserTesting.CrossbrowserWalmartTest -->
    </test> <!-- Command line test -->
  </suite> <!-- com.wbl.Crossbrowser.CrossbrowserTesting.CrossbrowserWalmartTest -->
</testng-results>
