<?xml version="1.0" encoding="UTF-8"?>
<testng-results ignored="0" total="1" passed="1" failed="0" skipped="0">
  <reporter-output>
  </reporter-output>
  <suite started-at="2019-02-14T17:58:24Z" name="DataDrivenSuite" finished-at="2019-02-14T17:58:53Z" duration-ms="28514">
    <groups>
    </groups>
    <test started-at="2019-02-14T17:58:24Z" name="Login" finished-at="2019-02-14T17:58:53Z" duration-ms="28514">
      <class name="com.selenium.pagetest.DataDrivenTest">
        <test-method is-config="true" signature="setUp()[pri:0, instance:com.selenium.pagetest.DataDrivenTest@33c911a1]" started-at="2019-02-14T17:58:24Z" name="setUp" finished-at="2019-02-14T17:58:28Z" duration-ms="3451" status="PASS">
          <reporter-output>
          </reporter-output>
        </test-method> <!-- setUp -->
        <test-method signature="validateLogin()[pri:0, instance:com.selenium.pagetest.DataDrivenTest@33c911a1]" started-at="2019-02-14T17:58:28Z" name="validateLogin" finished-at="2019-02-14T17:58:53Z" duration-ms="25043" status="PASS">
          <reporter-output>
          </reporter-output>
        </test-method> <!-- validateLogin -->
      </class> <!-- com.selenium.pagetest.DataDrivenTest -->
    </test> <!-- Login -->
  </suite> <!-- DataDrivenSuite -->
</testng-results>
